2020-06-19T11:05:28+00:00 CRITICAL Uncaught Error: Class 'QuestionWidget' not found in /Applications/MAMP/htdocs/wordpress/wp-includes/class-wp-widget-factory.php:61
Stack trace:
#0 /Applications/MAMP/htdocs/wordpress/wp-includes/widgets.php(115): WP_Widget_Factory->register('QuestionWidget')
#1 /Applications/MAMP/htdocs/wordpress/wp-content/plugins/satisfaction/satisfationPlugin.php(63): register_widget('QuestionWidget')
#2 /Applications/MAMP/htdocs/wordpress/wp-includes/class-wp-hook.php(287): Satisfaction->declarerWidget('')
#3 /Applications/MAMP/htdocs/wordpress/wp-includes/class-wp-hook.php(311): WP_Hook->apply_filters('', Array)
#4 /Applications/MAMP/htdocs/wordpress/wp-includes/plugin.php(478): WP_Hook->do_action(Array)
#5 /Applications/MAMP/htdocs/wordpress/wp-includes/widgets.php(1765): do_action('widgets_init')
#6 /Applications/MAMP/htdocs/wordpress/wp-includes/class-wp-hook.php(287): wp_widgets_init('')
#7 /Applications/MAMP/htdocs/wordpress/wp-includes/class-wp-hook.php(311): WP_Hook->apply_filters(NULL, Array)
#8 /Applications/MAM dans /Applications/MAMP/htdocs/wordpress/wp-includes/class-wp-widget-factory.php à la ligne 61

2020-06-19T11:59:14+00:00 CRITICAL Uncaught Error: Class 'QuestionWidget' not found in /Applications/MAMP/htdocs/wordpress/wp-includes/class-wp-widget-factory.php:61
Stack trace:
#0 /Applications/MAMP/htdocs/wordpress/wp-includes/widgets.php(115): WP_Widget_Factory->register('QuestionWidget')
#1 /Applications/MAMP/htdocs/wordpress/wp-content/plugins/satisfaction/satisfationPlugin.php(63): register_widget('QuestionWidget')
#2 /Applications/MAMP/htdocs/wordpress/wp-includes/class-wp-hook.php(287): Satisfaction->declarerWidget('')
#3 /Applications/MAMP/htdocs/wordpress/wp-includes/class-wp-hook.php(311): WP_Hook->apply_filters('', Array)
#4 /Applications/MAMP/htdocs/wordpress/wp-includes/plugin.php(478): WP_Hook->do_action(Array)
#5 /Applications/MAMP/htdocs/wordpress/wp-includes/widgets.php(1765): do_action('widgets_init')
#6 /Applications/MAMP/htdocs/wordpress/wp-includes/class-wp-hook.php(287): wp_widgets_init('')
#7 /Applications/MAMP/htdocs/wordpress/wp-includes/class-wp-hook.php(311): WP_Hook->apply_filters(NULL, Array)
#8 /Applications/MAM dans /Applications/MAMP/htdocs/wordpress/wp-includes/class-wp-widget-factory.php à la ligne 61

2020-06-19T11:59:14+00:00 CRITICAL Uncaught Error: Class 'QuestionWidget' not found in /Applications/MAMP/htdocs/wordpress/wp-includes/class-wp-widget-factory.php:61
Stack trace:
#0 /Applications/MAMP/htdocs/wordpress/wp-includes/widgets.php(115): WP_Widget_Factory->register('QuestionWidget')
#1 /Applications/MAMP/htdocs/wordpress/wp-content/plugins/satisfaction/satisfationPlugin.php(63): register_widget('QuestionWidget')
#2 /Applications/MAMP/htdocs/wordpress/wp-includes/class-wp-hook.php(287): Satisfaction->declarerWidget('')
#3 /Applications/MAMP/htdocs/wordpress/wp-includes/class-wp-hook.php(311): WP_Hook->apply_filters('', Array)
#4 /Applications/MAMP/htdocs/wordpress/wp-includes/plugin.php(478): WP_Hook->do_action(Array)
#5 /Applications/MAMP/htdocs/wordpress/wp-includes/widgets.php(1765): do_action('widgets_init')
#6 /Applications/MAMP/htdocs/wordpress/wp-includes/class-wp-hook.php(287): wp_widgets_init('')
#7 /Applications/MAMP/htdocs/wordpress/wp-includes/class-wp-hook.php(311): WP_Hook->apply_filters(NULL, Array)
#8 /Applications/MAM dans /Applications/MAMP/htdocs/wordpress/wp-includes/class-wp-widget-factory.php à la ligne 61

2020-06-19T11:59:14+00:00 CRITICAL Uncaught Error: Class 'QuestionWidget' not found in /Applications/MAMP/htdocs/wordpress/wp-includes/class-wp-widget-factory.php:61
Stack trace:
#0 /Applications/MAMP/htdocs/wordpress/wp-includes/widgets.php(115): WP_Widget_Factory->register('QuestionWidget')
#1 /Applications/MAMP/htdocs/wordpress/wp-content/plugins/satisfaction/satisfationPlugin.php(63): register_widget('QuestionWidget')
#2 /Applications/MAMP/htdocs/wordpress/wp-includes/class-wp-hook.php(287): Satisfaction->declarerWidget('')
#3 /Applications/MAMP/htdocs/wordpress/wp-includes/class-wp-hook.php(311): WP_Hook->apply_filters('', Array)
#4 /Applications/MAMP/htdocs/wordpress/wp-includes/plugin.php(478): WP_Hook->do_action(Array)
#5 /Applications/MAMP/htdocs/wordpress/wp-includes/widgets.php(1765): do_action('widgets_init')
#6 /Applications/MAMP/htdocs/wordpress/wp-includes/class-wp-hook.php(287): wp_widgets_init('')
#7 /Applications/MAMP/htdocs/wordpress/wp-includes/class-wp-hook.php(311): WP_Hook->apply_filters(NULL, Array)
#8 /Applications/MAM dans /Applications/MAMP/htdocs/wordpress/wp-includes/class-wp-widget-factory.php à la ligne 61

2020-06-19T11:59:14+00:00 CRITICAL Uncaught Error: Class 'QuestionWidget' not found in /Applications/MAMP/htdocs/wordpress/wp-includes/class-wp-widget-factory.php:61
Stack trace:
#0 /Applications/MAMP/htdocs/wordpress/wp-includes/widgets.php(115): WP_Widget_Factory->register('QuestionWidget')
#1 /Applications/MAMP/htdocs/wordpress/wp-content/plugins/satisfaction/satisfationPlugin.php(63): register_widget('QuestionWidget')
#2 /Applications/MAMP/htdocs/wordpress/wp-includes/class-wp-hook.php(287): Satisfaction->declarerWidget('')
#3 /Applications/MAMP/htdocs/wordpress/wp-includes/class-wp-hook.php(311): WP_Hook->apply_filters('', Array)
#4 /Applications/MAMP/htdocs/wordpress/wp-includes/plugin.php(478): WP_Hook->do_action(Array)
#5 /Applications/MAMP/htdocs/wordpress/wp-includes/widgets.php(1765): do_action('widgets_init')
#6 /Applications/MAMP/htdocs/wordpress/wp-includes/class-wp-hook.php(287): wp_widgets_init('')
#7 /Applications/MAMP/htdocs/wordpress/wp-includes/class-wp-hook.php(311): WP_Hook->apply_filters(NULL, Array)
#8 /Applications/MAM dans /Applications/MAMP/htdocs/wordpress/wp-includes/class-wp-widget-factory.php à la ligne 61

2020-06-19T11:59:14+00:00 CRITICAL Uncaught Error: Class 'QuestionWidget' not found in /Applications/MAMP/htdocs/wordpress/wp-includes/class-wp-widget-factory.php:61
Stack trace:
#0 /Applications/MAMP/htdocs/wordpress/wp-includes/widgets.php(115): WP_Widget_Factory->register('QuestionWidget')
#1 /Applications/MAMP/htdocs/wordpress/wp-content/plugins/satisfaction/satisfationPlugin.php(63): register_widget('QuestionWidget')
#2 /Applications/MAMP/htdocs/wordpress/wp-includes/class-wp-hook.php(287): Satisfaction->declarerWidget('')
#3 /Applications/MAMP/htdocs/wordpress/wp-includes/class-wp-hook.php(311): WP_Hook->apply_filters('', Array)
#4 /Applications/MAMP/htdocs/wordpress/wp-includes/plugin.php(478): WP_Hook->do_action(Array)
#5 /Applications/MAMP/htdocs/wordpress/wp-includes/widgets.php(1765): do_action('widgets_init')
#6 /Applications/MAMP/htdocs/wordpress/wp-includes/class-wp-hook.php(287): wp_widgets_init('')
#7 /Applications/MAMP/htdocs/wordpress/wp-includes/class-wp-hook.php(311): WP_Hook->apply_filters(NULL, Array)
#8 /Applications/MAM dans /Applications/MAMP/htdocs/wordpress/wp-includes/class-wp-widget-factory.php à la ligne 61

2020-06-19T11:59:27+00:00 CRITICAL Uncaught Error: Class 'QuestionWidget' not found in /Applications/MAMP/htdocs/wordpress/wp-includes/class-wp-widget-factory.php:61
Stack trace:
#0 /Applications/MAMP/htdocs/wordpress/wp-includes/widgets.php(115): WP_Widget_Factory->register('QuestionWidget')
#1 /Applications/MAMP/htdocs/wordpress/wp-content/plugins/satisfaction/satisfationPlugin.php(63): register_widget('QuestionWidget')
#2 /Applications/MAMP/htdocs/wordpress/wp-includes/class-wp-hook.php(287): Satisfaction->declarerWidget('')
#3 /Applications/MAMP/htdocs/wordpress/wp-includes/class-wp-hook.php(311): WP_Hook->apply_filters('', Array)
#4 /Applications/MAMP/htdocs/wordpress/wp-includes/plugin.php(478): WP_Hook->do_action(Array)
#5 /Applications/MAMP/htdocs/wordpress/wp-includes/widgets.php(1765): do_action('widgets_init')
#6 /Applications/MAMP/htdocs/wordpress/wp-includes/class-wp-hook.php(287): wp_widgets_init('')
#7 /Applications/MAMP/htdocs/wordpress/wp-includes/class-wp-hook.php(311): WP_Hook->apply_filters(NULL, Array)
#8 /Applications/MAM dans /Applications/MAMP/htdocs/wordpress/wp-includes/class-wp-widget-factory.php à la ligne 61

2020-06-19T12:00:13+00:00 CRITICAL Uncaught Error: Class 'QuestionWidget' not found in /Applications/MAMP/htdocs/wordpress/wp-includes/class-wp-widget-factory.php:61
Stack trace:
#0 /Applications/MAMP/htdocs/wordpress/wp-includes/widgets.php(115): WP_Widget_Factory->register('QuestionWidget')
#1 /Applications/MAMP/htdocs/wordpress/wp-content/plugins/satisfaction/satisfationPlugin.php(63): register_widget('QuestionWidget')
#2 /Applications/MAMP/htdocs/wordpress/wp-includes/class-wp-hook.php(287): Satisfaction->declarerWidget('')
#3 /Applications/MAMP/htdocs/wordpress/wp-includes/class-wp-hook.php(311): WP_Hook->apply_filters('', Array)
#4 /Applications/MAMP/htdocs/wordpress/wp-includes/plugin.php(478): WP_Hook->do_action(Array)
#5 /Applications/MAMP/htdocs/wordpress/wp-includes/widgets.php(1765): do_action('widgets_init')
#6 /Applications/MAMP/htdocs/wordpress/wp-includes/class-wp-hook.php(287): wp_widgets_init('')
#7 /Applications/MAMP/htdocs/wordpress/wp-includes/class-wp-hook.php(311): WP_Hook->apply_filters(NULL, Array)
#8 /Applications/MAM dans /Applications/MAMP/htdocs/wordpress/wp-includes/class-wp-widget-factory.php à la ligne 61

2020-06-19T12:01:04+00:00 CRITICAL Uncaught Error: Class 'QuestionWidget' not found in /Applications/MAMP/htdocs/wordpress/wp-includes/class-wp-widget-factory.php:61
Stack trace:
#0 /Applications/MAMP/htdocs/wordpress/wp-includes/widgets.php(115): WP_Widget_Factory->register('QuestionWidget')
#1 /Applications/MAMP/htdocs/wordpress/wp-content/plugins/satisfaction/satisfationPlugin.php(63): register_widget('QuestionWidget')
#2 /Applications/MAMP/htdocs/wordpress/wp-includes/class-wp-hook.php(287): Satisfaction->declarerWidget('')
#3 /Applications/MAMP/htdocs/wordpress/wp-includes/class-wp-hook.php(311): WP_Hook->apply_filters('', Array)
#4 /Applications/MAMP/htdocs/wordpress/wp-includes/plugin.php(478): WP_Hook->do_action(Array)
#5 /Applications/MAMP/htdocs/wordpress/wp-includes/widgets.php(1765): do_action('widgets_init')
#6 /Applications/MAMP/htdocs/wordpress/wp-includes/class-wp-hook.php(287): wp_widgets_init('')
#7 /Applications/MAMP/htdocs/wordpress/wp-includes/class-wp-hook.php(311): WP_Hook->apply_filters(NULL, Array)
#8 /Applications/MAM dans /Applications/MAMP/htdocs/wordpress/wp-includes/class-wp-widget-factory.php à la ligne 61

